<?xml version="1.0" encoding="UTF-8"?>
<testsuite xmlns:xsi="http://www.w3.org/2001/XMLSchema-instance" xsi:noNamespaceSchemaLocation="https://maven.apache.org/surefire/maven-surefire-plugin/xsd/surefire-test-report.xsd" name="com.example.UserServiceTest" time="0.476" tests="1" errors="0" skipped="0" failures="0">
  <properties>
    <property name="java.specification.version" value="22"/>
    <property name="sun.cpu.isalist" value="amd64"/>
    <property name="sun.jnu.encoding" value="Cp1252"/>
    <property name="java.class.path" value="C:\Users\pradeep\Desktop\argument\target\test-classes;C:\Users\pradeep\Desktop\argument\target\classes;C:\Users\pradeep\.m2\repository\junit\junit\4.13.2\junit-4.13.2.jar;C:\Users\pradeep\.m2\repository\org\hamcrest\hamcrest-core\1.3\hamcrest-core-1.3.jar;C:\Users\pradeep\.m2\repository\org\mockito\mockito-core\4.11.0\mockito-core-4.11.0.jar;C:\Users\pradeep\.m2\repository\net\bytebuddy\byte-buddy\1.12.19\byte-buddy-1.12.19.jar;C:\Users\pradeep\.m2\repository\net\bytebuddy\byte-buddy-agent\1.12.19\byte-buddy-agent-1.12.19.jar;C:\Users\pradeep\.m2\repository\org\objenesis\objenesis\3.3\objenesis-3.3.jar;"/>
    <property name="java.vm.vendor" value="Oracle Corporation"/>
    <property name="sun.arch.data.model" value="64"/>
    <property name="user.variant" value=""/>
    <property name="java.vendor.url" value="https://java.oracle.com/"/>
    <property name="user.timezone" value="Asia/Calcutta"/>
    <property name="os.name" value="Windows 11"/>
    <property name="java.vm.specification.version" value="22"/>
    <property name="sun.java.launcher" value="SUN_STANDARD"/>
    <property name="user.country" value="IN"/>
    <property name="sun.boot.library.path" value="C:\Program Files\Java\jdk-22\bin"/>
    <property name="sun.java.command" value="C:\Users\pradeep\AppData\Local\Temp\surefire14181233673557286056\surefirebooter17206951922766611456.jar C:\Users\pradeep\AppData\Local\Temp\surefire14181233673557286056 2025-06-29T15-53-04_478-jvmRun1 surefire12317361705920882024tmp surefire_017002848258650580970tmp"/>
    <property name="jdk.debug" value="release"/>
    <property name="surefire.test.class.path" value="C:\Users\pradeep\Desktop\argument\target\test-classes;C:\Users\pradeep\Desktop\argument\target\classes;C:\Users\pradeep\.m2\repository\junit\junit\4.13.2\junit-4.13.2.jar;C:\Users\pradeep\.m2\repository\org\hamcrest\hamcrest-core\1.3\hamcrest-core-1.3.jar;C:\Users\pradeep\.m2\repository\org\mockito\mockito-core\4.11.0\mockito-core-4.11.0.jar;C:\Users\pradeep\.m2\repository\net\bytebuddy\byte-buddy\1.12.19\byte-buddy-1.12.19.jar;C:\Users\pradeep\.m2\repository\net\bytebuddy\byte-buddy-agent\1.12.19\byte-buddy-agent-1.12.19.jar;C:\Users\pradeep\.m2\repository\org\objenesis\objenesis\3.3\objenesis-3.3.jar;"/>
    <property name="sun.cpu.endian" value="little"/>
    <property name="user.home" value="C:\Users\pradeep"/>
    <property name="user.language" value="en"/>
    <property name="java.specification.vendor" value="Oracle Corporation"/>
    <property name="java.version.date" value="2024-07-16"/>
    <property name="java.home" value="C:\Program Files\Java\jdk-22"/>
    <property name="file.separator" value="\"/>
    <property name="basedir" value="C:\Users\pradeep\Desktop\argument"/>
    <property name="java.vm.compressedOopsMode" value="32-bit"/>
    <property name="line.separator" value="&#10;"/>
    <property name="java.vm.specification.vendor" value="Oracle Corporation"/>
    <property name="java.specification.name" value="Java Platform API Specification"/>
    <property name="surefire.real.class.path" value="C:\Users\pradeep\AppData\Local\Temp\surefire14181233673557286056\surefirebooter17206951922766611456.jar"/>
    <property name="user.script" value=""/>
    <property name="sun.management.compiler" value="HotSpot 64-Bit Tiered Compilers"/>
    <property name="java.runtime.version" value="22.0.2+9-70"/>
    <property name="user.name" value="pradeep"/>
    <property name="stdout.encoding" value="Cp1252"/>
    <property name="path.separator" value=";"/>
    <property name="os.version" value="10.0"/>
    <property name="java.runtime.name" value="Java(TM) SE Runtime Environment"/>
    <property name="file.encoding" value="UTF-8"/>
    <property name="java.vm.name" value="Java HotSpot(TM) 64-Bit Server VM"/>
    <property name="localRepository" value="C:\Users\pradeep\.m2\repository"/>
    <property name="java.vendor.url.bug" value="https://bugreport.java.com/bugreport/"/>
    <property name="java.io.tmpdir" value="C:\Users\pradeep\AppData\Local\Temp\"/>
    <property name="java.version" value="22.0.2"/>
    <property name="user.dir" value="C:\Users\pradeep\Desktop\argument"/>
    <property name="os.arch" value="amd64"/>
    <property name="java.vm.specification.name" value="Java Virtual Machine Specification"/>
    <property name="sun.os.patch.level" value=""/>
    <property name="native.encoding" value="Cp1252"/>
    <property name="java.library.path" value="C:\Program Files\Java\jdk-22\bin;C:\WINDOWS\Sun\Java\bin;C:\WINDOWS\system32;C:\WINDOWS;C:\Program Files\PowerShell\7;C:\Users\pradeep\Downloads\WINDOWS.X64_213000_db_home\bin;c:\Users\pradeep\AppData\Local\Programs\cursor\resources\app\bin;C:\Program Files\Common Files\Oracle\Java\javapath;C:\Program Files\Git\cmd;C:\Program Files\PowerShell\7;C:\Users\pradeep\Downloads\apache-maven-3.9.9\bin;C:\WINDOWS\system32;C:\WINDOWS;C:\WINDOWS\System32\Wbem;C:\WINDOWS\System32\WindowsPowerShell\v1.0\;C:\WINDOWS\System32\OpenSSH\;C:\Users\pradeep\AppData\Local\Programs\Python\Python311\Scripts\;C:\Users\pradeep\AppData\Local\Programs\Python\Python311\;C:\Users\pradeep\.console-ninja\.bin;C:\Users\pradeep\AppData\Local\Microsoft\WindowsApps;C:\Program Files\nodejs;C:\Users\pradeep\AppData\Local\Microsoft\WinGet\Packages\Schniz.fnm_Microsoft.Winget.Source_8wekyb3d8bbwe;C:\Users\pradeep\AppData\Roaming\npm;C:\Windows\System32;C:\Users\pradeep\AppData\Local\GitHubDesktop\bin;C:\Users\pradeep\AppData\Local\Programs\Ollama;ffmpeg -version;C:\Users\pradeep\Downloads\vosk-model-en-us-0.22\vosk-model-en-us-0.22;C:\Program Fil;C:\Program Files\Cloudflare\Cloudflare WARP\;C:\Program Files\PowerShell\7\;C:\Users\pradeep\AppData\Local\Programs\Python\Python311\Scripts\;C:\Users\pradeep\AppData\Local\Programs\Python\Python311\;C:\Users\pradeep\.console-ninja\.bin;C:\Users\pradeep\AppData\Local\Microsoft\WindowsApps;C:\Program Files\nodejs;C:\Users\pradeep\AppData\Local\Microsoft\WinGet\Packages\Schniz.fnm_Microsoft.Winget.Source_8wekyb3d8bbwe;C:\Users\pradeep\AppData\Roaming\npm;C:\Users\pradeep\AppData\Local\Programs\Microsoft VS Code\bin;C:\Windows\System32;C:\Users\pradeep\AppData\Local\GitHubDesktop\bin;C:\Users\pradeep\AppData\Local\Programs\Ollama;ffmpeg -version;C:\Users\pradeep\Downloads\vosk-model-en-us-0.22\vosk-model-en-us-0.22;C:\Program Files\Java\jdk-22;C:\flutter\src\flutter\bin;C:\Program Files\PowerShell\7;;C:\Users\pradeep\AppData\Local\Microsoft\WindowsApps;C:\Users\pradeep\AppData\Local\Programs\Windsurf\bin;C:\Users\pradeep\AppData\Local\Programs\cursor\resources\app\bin;."/>
    <property name="java.vm.info" value="mixed mode, sharing"/>
    <property name="stderr.encoding" value="Cp1252"/>
    <property name="java.vendor" value="Oracle Corporation"/>
    <property name="java.vm.version" value="22.0.2+9-70"/>
    <property name="sun.io.unicode.encoding" value="UnicodeLittle"/>
    <property name="java.class.version" value="66.0"/>
  </properties>
  <testcase name="testSendIsCalledWithCorrectArguments" classname="com.example.UserServiceTest" time="0.411"/>
</testsuite>